[2026-04-16T08:28:15.750Z] INFO: Request started {"requestId":"a4c0d053-125d-4560-b7dd-748c9a180ad5","method":"POST","url":"/api/enrollments/scan-entry","ip":"::1","userAgent":"PostmanRuntime/7.53.0","contentType":"application/json","contentLength":"557"}[2026-04-16T09:37:53.542Z] INFO: Request started {"requestId":"0f57a622-b794-4346-ad71-2a60bb6bde49","method":"POST","url":"/api/enrollments/scan-entry","ip":"::1","userAgent":"okhttp/4.12.0","contentType":"application/json; charset=UTF-8","contentLength":"577"}
[2026-04-16T09:37:53.544Z] INFO: Scan entry request received {"requestId":"0f57a622-b794-4346-ad71-2a60bb6bde49","deviceId":"195362bf5d30f3d3","hasToken":true,"hasDeviceInfo":true,"platform":"android","userAgent":"okhttp/4.12.0","ip":"::1"}
[2026-04-16T09:37:53.545Z] INFO: QR entry scan initiated {"operation":"entry","deviceId":"195362bf5d30f3d3","token":"eyJhbGciOiJIUzI1NiIs...","timestamp":"2026-04-16T09:37:53.545Z","requestId":"0f57a622-b794-4346-ad71-2a60bb6bde49","platform":"android"}
[2026-04-16T09:37:53.564Z] INFO: Device updated {"requestId":"0f57a622-b794-4346-ad71-2a60bb6bde49","deviceId":"195362bf5d30f3d3","deviceInfoChanged":true,"pushTokenChanged":false,"visitorId":"Visitor-2"}
[2026-04-16T09:37:53.565Z] INFO: Attempting to lock camera via MDM {"requestId":"0f57a622-b794-4346-ad71-2a60bb6bde49","deviceId":"195362bf5d30f3d3","platform":"android","facilityId":"69e09bad3bdb03470b7136a5"}
[2026-04-16T09:37:53.566Z] INFO: [MDM] Locking camera for device: 195362bf5d30f3d3 (android) {"operationId":"lock_195362bf5d30f3d3_1776332273566","deviceId":"195362bf5d30f3d3","platform":"android","timestamp":"2026-04-16T09:37:53.566Z"}
[2026-04-16T09:37:53.566Z] INFO: [MDM] Android camera lock completed {"operationId":"lock_195362bf5d30f3d3_1776332273566","deviceId":"195362bf5d30f3d3","success":true,"appliedAt":"2026-04-16T09:37:53.566Z"}
[2026-04-16T09:37:53.566Z] INFO: MDM lockCamera successful {"operation":"lockCamera","deviceId":"195362bf5d30f3d3","platform":"android","timestamp":"2026-04-16T09:37:53.566Z","requestId":"0f57a622-b794-4346-ad71-2a60bb6bde49","facilityId":"69e09bad3bdb03470b7136a5","facilityName":"HQ One"}
[2026-04-16T09:37:53.570Z] INFO: Enrollment created/updated {"operation":"created/updated","enrollmentId":"4308e97f-b2a4-409f-8e53-42d1d029c350","deviceId":"195362bf5d30f3d3","facilityId":"69e09bad3bdb03470b7136a5","status":"active","timestamp":"2026-04-16T09:37:53.570Z","requestId":"0f57a622-b794-4346-ad71-2a60bb6bde49"}
[2026-04-16T09:37:53.573Z] INFO: Device status updated to active {"requestId":"0f57a622-b794-4346-ad71-2a60bb6bde49","deviceId":"195362bf5d30f3d3","status":"active","currentFacility":"69e09bad3bdb03470b7136a5","lastEnrollment":"69e0a3dadc7da62c7a08ad9e"}
[2026-04-16T09:37:53.574Z] INFO: QR scan recorded {"requestId":"0f57a622-b794-4346-ad71-2a60bb6bde49","qrCodeId":"hq_one_Entry_Code_2026-04-16","scanCount":6}
[2026-04-16T09:37:53.574Z] INFO: Entry scan completed successfully {"requestId":"0f57a622-b794-4346-ad71-2a60bb6bde49","deviceId":"195362bf5d30f3d3","enrollmentId":"4308e97f-b2a4-409f-8e53-42d1d029c350","facilityName":"HQ One","visitorId":"Visitor-2"}
[2026-04-16T09:37:53.575Z] INFO: Request completed {"requestId":"0f57a622-b794-4346-ad71-2a60bb6bde49","statusCode":200,"contentLength":"180"}
[2026-04-16T09:37:57.486Z] INFO: Running initial log cleanup on startup 
[2026-04-16T09:38:04.936Z] INFO: [MDM] Unlocking camera for device: 195362bf5d30f3d3 (android) {"operationId":"unlock_195362bf5d30f3d3_1776332284936","deviceId":"195362bf5d30f3d3","platform":"android","timestamp":"2026-04-16T09:38:04.936Z"}
[2026-04-16T09:38:04.936Z] INFO: [MDM] Android camera unlock completed {"operationId":"unlock_195362bf5d30f3d3_1776332284936","deviceId":"195362bf5d30f3d3","success":true,"appliedAt":"2026-04-16T09:38:04.936Z"}
[2026-04-16T09:38:04.964Z] INFO: Request started {"requestId":"b3f5b2e4-fe0a-4372-978e-c098cd36aade","method":"POST","url":"/api/enrollments/scan-entry","ip":"::1","userAgent":"okhttp/4.12.0","contentType":"application/json; charset=UTF-8","contentLength":"577"}
[2026-04-16T09:38:04.965Z] INFO: Scan entry request received {"requestId":"b3f5b2e4-fe0a-4372-978e-c098cd36aade","deviceId":"195362bf5d30f3d3","hasToken":true,"hasDeviceInfo":true,"platform":"android","userAgent":"okhttp/4.12.0","ip":"::1"}
[2026-04-16T09:38:04.965Z] INFO: QR entry scan initiated {"operation":"entry","deviceId":"195362bf5d30f3d3","token":"eyJhbGciOiJIUzI1NiIs...","timestamp":"2026-04-16T09:38:04.965Z","requestId":"b3f5b2e4-fe0a-4372-978e-c098cd36aade","platform":"android"}
[2026-04-16T09:38:04.973Z] INFO: Device updated {"requestId":"b3f5b2e4-fe0a-4372-978e-c098cd36aade","deviceId":"195362bf5d30f3d3","deviceInfoChanged":true,"pushTokenChanged":false,"visitorId":"Visitor-2"}
[2026-04-16T09:38:04.974Z] INFO: Attempting to lock camera via MDM {"requestId":"b3f5b2e4-fe0a-4372-978e-c098cd36aade","deviceId":"195362bf5d30f3d3","platform":"android","facilityId":"69e09bad3bdb03470b7136a5"}
[2026-04-16T09:38:04.974Z] INFO: [MDM] Locking camera for device: 195362bf5d30f3d3 (android) {"operationId":"lock_195362bf5d30f3d3_1776332284974","deviceId":"195362bf5d30f3d3","platform":"android","timestamp":"2026-04-16T09:38:04.974Z"}
[2026-04-16T09:38:04.974Z] INFO: [MDM] Android camera lock completed {"operationId":"lock_195362bf5d30f3d3_1776332284974","deviceId":"195362bf5d30f3d3","success":true,"appliedAt":"2026-04-16T09:38:04.974Z"}
[2026-04-16T09:38:04.974Z] INFO: MDM lockCamera successful {"operation":"lockCamera","deviceId":"195362bf5d30f3d3","platform":"android","timestamp":"2026-04-16T09:38:04.974Z","requestId":"b3f5b2e4-fe0a-4372-978e-c098cd36aade","facilityId":"69e09bad3bdb03470b7136a5","facilityName":"HQ One"}
[2026-04-16T09:38:04.978Z] INFO: Enrollment created/updated {"operation":"created/updated","enrollmentId":"4308e97f-b2a4-409f-8e53-42d1d029c350","deviceId":"195362bf5d30f3d3","facilityId":"69e09bad3bdb03470b7136a5","status":"active","timestamp":"2026-04-16T09:38:04.978Z","requestId":"b3f5b2e4-fe0a-4372-978e-c098cd36aade"}
[2026-04-16T09:38:04.979Z] INFO: Device status updated to active {"requestId":"b3f5b2e4-fe0a-4372-978e-c098cd36aade","deviceId":"195362bf5d30f3d3","status":"active","currentFacility":"69e09bad3bdb03470b7136a5","lastEnrollment":"69e0a3dadc7da62c7a08ad9e"}
[2026-04-16T09:38:04.980Z] INFO: QR scan recorded {"requestId":"b3f5b2e4-fe0a-4372-978e-c098cd36aade","qrCodeId":"hq_one_Entry_Code_2026-04-16","scanCount":7}
[2026-04-16T09:38:04.980Z] INFO: Entry scan completed successfully {"requestId":"b3f5b2e4-fe0a-4372-978e-c098cd36aade","deviceId":"195362bf5d30f3d3","enrollmentId":"4308e97f-b2a4-409f-8e53-42d1d029c350","facilityName":"HQ One","visitorId":"Visitor-2"}
[2026-04-16T09:38:04.980Z] INFO: Request completed {"requestId":"b3f5b2e4-fe0a-4372-978e-c098cd36aade","statusCode":200,"contentLength":"180"}
[2026-04-16T09:38:14.915Z] INFO: Running initial log cleanup on startup 
